[    0.000000] Initializing cgroup subsys cpuset
[    0.000000] Initializing cgroup subsys cpu
[    0.000000] Initializing cgroup subsys cpuacct
[    0.000000] Linux version 4.4.0-130-generic (buildd@lgw01-amd64-039) (gcc version 5.4.0 20160609 (Ubuntu 5.4.0-6ubuntu1~16.04.9) ) #156-Ubuntu SMP Thu Jun 14 08:53:28 UTC 2018 (Ubuntu 4.4.0-130.156-generic 4.4.134)
[    0.000000] Command line: BOOT_IMAGE=/boot/vmlinuz-4.4.0-130-generic root=UUID=2ee7d6fa-e656-40b5-89e5-042755616b92 ro console=tty1 console=ttyS0
[    0.000000] KERNEL supported cpus:
[    0.000000]   Intel GenuineIntel
[    0.000000]   AMD AuthenticAMD
[    0.000000]   Centaur CentaurHauls
[    0.000000] x86/fpu: xstate_offset[2]:  576, xstate_sizes[2]:  256
[    0.000000] x86/fpu: Supporting XSAVE feature 0x01: 'x87 floating point registers'
[    0.000000] x86/fpu: Supporting XSAVE feature 0x02: 'SSE registers'
[    0.000000] x86/fpu: Supporting XSAVE feature 0x04: 'AVX registers'
[    0.000000] x86/fpu: Enabled xstate features 0x7, context size is 832 bytes, using 'standard' format.
[    0.000000] x86/fpu: Using 'eager' FPU context switches.
[    0.000000] e820: BIOS-provided physical RAM map:
[    0.000000] BIOS-e820: [mem 0x0000000000000000-0x000000000009fbff] usable
[    0.000000] BIOS-e820: [mem 0x000000000009fc00-0x000000000009ffff] reserved
[    0.000000] BIOS-e820: [mem 0x00000000000f0000-0x00000000000fffff] reserved
[    0.000000] BIOS-e820: [mem 0x0000000000100000-0x000000003ffeffff] usable
[    0.000000] BIOS-e820: [mem 0x000000003fff0000-0x000000003fffffff] ACPI data
[    0.000000] BIOS-e820: [mem 0x00000000fec00000-0x00000000fec00fff] reserved
[    0.000000] BIOS-e820: [mem 0x00000000fee00000-0x00000000fee00fff] reserved
[    0.000000] BIOS-e820: [mem 0x00000000fffc0000-0x00000000ffffffff] reserved
[    0.000000] NX (Execute Disable) protection: active
[    0.000000] SMBIOS 2.5 present.
[    0.000000] Hypervisor detected: KVM
[    0.000000] e820: last_pfn = 0x3fff0 max_arch_pfn = 0x400000000
[    0.000000] MTRR: Disabled
[    0.000000] x86/PAT: MTRRs disabled, skipping PAT initialization too.
[    0.000000] CPU MTRRs all blank - virtualized system.
[    0.000000] x86/PAT: Configuration [0-7]: WB  WT  UC- UC  WB  WT  UC- UC  
[    0.000000] found SMP MP-table at [mem 0x0009fff0-0x0009ffff] mapped at [ffff88000009fff0]
[    0.000000] Scanning 1 areas for low memory corruption
[    0.000000] RAMDISK: [mem 0x361f2000-0x370f0fff]
[    0.000000] ACPI: Early table checksum verification disabled
[    0.000000] ACPI: RSDP 0x00000000000E0000 000024 (v02 VBOX  )
[    0.000000] ACPI: XSDT 0x000000003FFF0030 00003C (v01 VBOX   VBOXXSDT 00000001 ASL  00000061)
[    0.000000] ACPI: FACP 0x000000003FFF00F0 0000F4 (v04 VBOX   VBOXFACP 00000001 ASL  00000061)
[    0.000000] ACPI: DSDT 0x000000003FFF0470 0021FF (v02 VBOX   VBOXBIOS 00000002 INTL 20100528)
[    0.000000] ACPI: FACS 0x000000003FFF0200 000040
[    0.000000] ACPI: FACS 0x000000003FFF0200 000040
[    0.000000] ACPI: APIC 0x000000003FFF0240 00005C (v02 VBOX   VBOXAPIC 00000001 ASL  00000061)
[    0.000000] ACPI: SSDT 0x000000003FFF02A0 0001CC (v01 VBOX   VBOXCPUT 00000002 INTL 20100528)
[    0.000000] No NUMA configuration found
[    0.000000] Faking a node at [mem 0x0000000000000000-0x000000003ffeffff]
[    0.000000] NODE_DATA(0) allocated [mem 0x3ffeb000-0x3ffeffff]
[    0.000000] kvm-clock: Using msrs 4b564d01 and 4b564d00
[    0.000000] kvm-clock: cpu 0, msr 0:3ffe3001, primary cpu clock
[    0.000000] kvm-clock: using sched offset of 22873908488 cycles
[    0.000000] clocksource: kvm-clock: mask: 0xffffffffffffffff max_cycles: 0x1cd42e4dffb, max_idle_ns: 881590591483 ns
[    0.000000] Zone ranges:
[    0.000000]   DMA      [mem 0x0000000000001000-0x0000000000ffffff]
[    0.000000]   DMA32    [mem 0x0000000001000000-0x000000003ffeffff]
[    0.000000]   Normal   empty
[    0.000000]   Device   empty
[    0.000000] Movable zone start for each node
[    0.000000] Early memory node ranges
[    0.000000]   node   0: [mem 0x0000000000001000-0x000000000009efff]
[    0.000000]   node   0: [mem 0x0000000000100000-0x000000003ffeffff]
[    0.000000] Initmem setup node 0 [mem 0x0000000000001000-0x000000003ffeffff]
[    0.000000] ACPI: PM-Timer IO Port: 0x4008
[    0.000000] IOAPIC[0]: apic_id 2, version 32, address 0xfec00000, GSI 0-23
[    0.000000] ACPI: INT_SRC_OVR (bus 0 bus_irq 0 global_irq 2 dfl dfl)
[    0.000000] ACPI: INT_SRC_OVR (bus 0 bus_irq 9 global_irq 9 high level)
[    0.000000] Using ACPI (MADT) for SMP configuration information
[    0.000000] smpboot: Allowing 2 CPUs, 0 hotplug CPUs
[    0.000000] PM: Registered nosave memory: [mem 0x00000000-0x00000fff]
[    0.000000] PM: Registered nosave memory: [mem 0x0009f000-0x0009ffff]
[    0.000000] PM: Registered nosave memory: [mem 0x000a0000-0x000effff]
[    0.000000] PM: Registered nosave memory: [mem 0x000f0000-0x000fffff]
[    0.000000] e820: [mem 0x40000000-0xfebfffff] available for PCI devices
[    0.000000] Booting paravirtualized kernel on KVM
[    0.000000] clocksource: refined-jiffies: mask: 0xffffffff max_cycles: 0xffffffff, max_idle_ns: 7645519600211568 ns
[    0.000000] setup_percpu: NR_CPUS:512 nr_cpumask_bits:512 nr_cpu_ids:2 nr_node_ids:1
[    0.000000] PERCPU: Embedded 34 pages/cpu @ffff88003fc00000 s99544 r8192 d31528 u1048576
[    0.000000] PV qspinlock hash table entries: 256 (order: 0, 4096 bytes)
[    0.000000] Built 1 zonelists in Node order, mobility grouping on.  Total pages: 257912
[    0.000000] Policy zone: DMA32
[    0.000000] Kernel command line: BOOT_IMAGE=/boot/vmlinuz-4.4.0-130-generic root=UUID=2ee7d6fa-e656-40b5-89e5-042755616b92 ro console=tty1 console=ttyS0
[    0.000000] PID hash table entries: 4096 (order: 3, 32768 bytes)
[    0.000000] Memory: 997160K/1048120K available (8546K kernel code, 1313K rwdata, 4000K rodata, 1516K init, 1316K bss, 50960K reserved, 0K cma-reserved)
[    0.000000] SLUB: HWalign=64, Order=0-3, MinObjects=0, CPUs=2, Nodes=1
[    0.000000] Kernel/User page tables isolation: enabled
[    0.000000] Hierarchical RCU implementation.
[    0.000000] 	Build-time adjustment of leaf fanout to 64.
[    0.000000] 	RCU restricting CPUs from NR_CPUS=512 to nr_cpu_ids=2.
[    0.000000] RCU: Adjusting geometry for rcu_fanout_leaf=64, nr_cpu_ids=2
[    0.000000] NR_IRQS:33024 nr_irqs:440 16
[    0.000000] Console: colour VGA+ 80x25
[    0.000000] console [tty1] enabled
[    0.000000] console [ttyS0] enabled
[    0.000000] tsc: Detected 1795.924 MHz processor
[    5.209514] Calibrating delay loop (skipped) preset value.. 3591.84 BogoMIPS (lpj=7183696)
[    5.283231] pid_max: default: 32768 minimum: 301
[    5.328359] ACPI: Core revision 20150930
[    5.366461] ACPI: 2 ACPI AML tables successfully acquired and loaded
[    5.420344] Security Framework initialized
[    5.452788] Yama: becoming mindful.
[    5.481890] AppArmor: AppArmor initialized
[    5.515024] Dentry cache hash table entries: 131072 (order: 8, 1048576 bytes)
[    5.570601] Inode-cache hash table entries: 65536 (order: 7, 524288 bytes)
[    5.621342] Mount-cache hash table entries: 2048 (order: 2, 16384 bytes)
[    5.680564] Mountpoint-cache hash table entries: 2048 (order: 2, 16384 bytes)
[    5.742843] Initializing cgroup subsys io
[    5.787219] Initializing cgroup subsys memory
[    5.828150] Initializing cgroup subsys devices
[    5.865084] Initializing cgroup subsys freezer
[    5.901238] Initializing cgroup subsys net_cls
[    5.935548] Initializing cgroup subsys perf_event
[    5.970751] Initializing cgroup subsys net_prio
[    6.008584] Initializing cgroup subsys hugetlb
[    6.045500] Initializing cgroup subsys pids
[    6.082926] CPU: Physical Processor ID: 0
[    6.126742] CPU: Processor Core ID: 0
[    6.166203] mce: CPU supports 0 MCE banks
[    6.203754] Last level iTLB entries: 4KB 512, 2MB 8, 4MB 8
[    6.247716] Last level dTLB entries: 4KB 512, 2MB 32, 4MB 32, 1GB 0
[    6.293182] Spectre V2 : Mitigation: Full generic retpoline
[    6.340536] Spectre V2 : Speculation control IBPB not-supported IBRS not-supported
[    6.392616] Speculative Store Bypass: Vulnerable
[    6.509677] Freeing SMP alternatives memory: 32K
[    6.771112] ftrace: allocating 32245 entries in 126 pages
[    7.870090] smpboot: APIC(0) Converting physical 0 to logical package 0
[    7.918216] smpboot: Max logical packages: 1
[    7.960066] x2apic enabled
[    7.993531] Switched APIC routing to physical x2apic.
[    8.084523] ..TIMER: vector=0x30 apic1=0 pin1=2 apic2=-1 pin2=-1
[    8.250717] smpboot: CPU0: Intel(R) Core(TM) i5-3337U CPU @ 1.80GHz (family: 0x6, model: 0x3a, stepping: 0x9)
[    8.333334] Performance Events: unsupported p6 CPU model 58 no PMU driver, software events only.
[    8.430908] KVM setup paravirtual spinlock
[    8.467653] x86: Booting SMP configuration:
[    8.496848] .... node  #0, CPUs:      #1
[    8.534492] kvm-clock: cpu 1, msr 0:3ffe3041, secondary cpu clock
[    8.585360] mce: CPU supports 0 MCE banks
[    8.616021] x86: Booted up 1 node, 2 CPUs
[    8.656313] smpboot: Total of 2 processors activated (7183.69 BogoMIPS)
[    8.723202] devtmpfs: initialized
[    8.773737] evm: security.selinux
[    8.811284] evm: security.SMACK64
[    8.842338] evm: security.SMACK64EXEC
[    8.875414] evm: security.SMACK64TRANSMUTE
[    8.915210] evm: security.SMACK64MMAP
[    8.949313] evm: security.ima
[    8.982031] evm: security.capability
[    9.015546] clocksource: jiffies: mask: 0xffffffff max_cycles: 0xffffffff, max_idle_ns: 7645041785100000 ns
[    9.091042] futex hash table entries: 512 (order: 3, 32768 bytes)
[    9.141187] pinctrl core: initialized pinctrl subsystem
[    9.184846] RTC time: 12:46:40, date: 07/06/18
[    9.229155] NET: Registered protocol family 16
[    9.305786] cpuidle: using governor ladder
[    9.366284] cpuidle: using governor menu
[    9.420362] PCCT header not found.
[    9.464194] ACPI: bus type PCI registered
[    9.531735] acpiphp: ACPI Hot Plug PCI Controller Driver version: 0.5
[    9.595300] PCI: Using configuration type 1 for base access
[    9.671599] ACPI: Added _OSI(Module Device)
[    9.706715] ACPI: Added _OSI(Processor Device)
[    9.742955] ACPI: Added _OSI(3.0 _SCP Extensions)
[    9.786692] ACPI: Added _OSI(Processor Aggregator Device)
[    9.841405] ACPI: Executed 1 blocks of module-level executable AML code
[    9.912477] ACPI: Interpreter enabled
[    9.943527] ACPI: (supports S0 S5)
[    9.973897] ACPI: Using IOAPIC for interrupt routing
[   10.013458] PCI: Using host bridge windows from ACPI; if necessary, use "pci=nocrs" and report a bug
[   10.128302] ACPI: PCI Root Bridge [PCI0] (domain 0000 [bus 00-ff])
[   10.174296] acpi PNP0A03:00: _OSC: OS supports [ASPM ClockPM Segments MSI]
[   10.224174] acpi PNP0A03:00: _OSC: not requesting OS control; OS requires [ExtendedConfig ASPM ClockPM MSI]
[   10.295038] acpi PNP0A03:00: fail to add MMCONFIG information, can't access extended PCI configuration space under this bridge.
[   10.388927] PCI host bridge to bus 0000:00
[   10.423097] pci_bus 0000:00: root bus resource [io  0x0000-0x0cf7 window]
[   10.486792] pci_bus 0000:00: root bus resource [io  0x0d00-0xffff window]
[   10.542943] pci_bus 0000:00: root bus resource [mem 0x000a0000-0x000bffff window]
[   10.622617] pci_bus 0000:00: root bus resource [mem 0x40000000-0xffdfffff window]
[   10.704564] pci_bus 0000:00: root bus resource [bus 00-ff]
[   10.828426] pci 0000:00:01.1: legacy IDE quirk: reg 0x10: [io  0x01f0-0x01f7]
[   10.878988] pci 0000:00:01.1: legacy IDE quirk: reg 0x14: [io  0x03f6]
[   10.928266] pci 0000:00:01.1: legacy IDE quirk: reg 0x18: [io  0x0170-0x0177]
[   11.378145] pci 0000:00:01.1: legacy IDE quirk: reg 0x1c: [io  0x0376]
[   11.676378] pci 0000:00:07.0: quirk: [io  0x4000-0x403f] claimed by PIIX4 ACPI
[   11.754000] pci 0000:00:07.0: quirk: [io  0x4100-0x410f] claimed by PIIX4 SMB
[   11.922882] ACPI: PCI Interrupt Link [LNKA] (IRQs 5 9 10 *11)
[   11.997023] ACPI: PCI Interrupt Link [LNKB] (IRQs 5 9 10 *11)
[   12.070398] ACPI: PCI Interrupt Link [LNKC] (IRQs 5 9 *10 11)
[   12.140483] ACPI: PCI Interrupt Link [LNKD] (IRQs 5 *9 10 11)
[   12.208330] ACPI: Enabled 2 GPEs in block 00 to 07
[   12.259808] vgaarb: setting as boot device: PCI:0000:00:02.0
[   12.305577] vgaarb: device added: PCI:0000:00:02.0,decodes=io+mem,owns=io+mem,locks=none
[   12.394269] vgaarb: loaded
[   12.422101] vgaarb: bridge control possible 0000:00:02.0
[   12.465851] SCSI subsystem initialized
[   12.500293] ACPI: bus type USB registered
[   12.532670] usbcore: registered new interface driver usbfs
[   12.573408] usbcore: registered new interface driver hub
[   12.615170] usbcore: registered new device driver usb
[   12.667011] PCI: Using ACPI for IRQ routing
[   12.715425] NetLabel: Initializing
[   12.746940] NetLabel:  domain hash size = 128
[   12.782010] NetLabel:  protocols = UNLABELED CIPSOv4
[   12.821046] NetLabel:  unlabeled traffic allowed by default
[   12.869571] amd_nb: Cannot enumerate AMD northbridges
[   12.914465] clocksource: Switched to clocksource kvm-clock
[   12.996105] AppArmor: AppArmor Filesystem Enabled
[   13.035531] pnp: PnP ACPI init
[   13.099873] pnp: PnP ACPI: found 3 devices
[   13.147384] clocksource: acpi_pm: mask: 0xffffff max_cycles: 0xffffff, max_idle_ns: 2085701024 ns
[   13.213084] NET: Registered protocol family 2
[   13.247289] TCP established hash table entries: 8192 (order: 4, 65536 bytes)
[   13.314725] TCP bind hash table entries: 8192 (order: 5, 131072 bytes)
[   13.361649] TCP: Hash tables configured (established 8192 bind 8192)
[   13.406912] UDP hash table entries: 512 (order: 2, 16384 bytes)
[   13.451450] UDP-Lite hash table entries: 512 (order: 2, 16384 bytes)
[   13.500365] NET: Registered protocol family 1
[   13.537738] pci 0000:00:00.0: Limiting direct PCI/PCI transfers
[   13.579905] pci 0000:00:01.0: Activating ISA DMA hang workarounds
[   13.629928] Unpacking initramfs...
[   14.409152] Freeing initrd memory: 15356K
[   14.441780] RAPL PMU detected, API unit is 2^-32 Joules, 3 fixed counters 10737418240 ms ovfl timer
[   14.510822] hw unit of domain pp0-core 2^-0 Joules
[   14.549523] hw unit of domain package 2^-0 Joules
[   14.598724] hw unit of domain pp1-gpu 2^-0 Joules
[   14.643124] platform rtc_cmos: registered platform RTC device (no PNP device found)
[   14.709211] Scanning for low memory corruption every 60 seconds
[   14.754027] audit: initializing netlink subsys (disabled)
[   14.792179] audit: type=2000 audit(1530881218.830:1): initialized
[   14.838369] Initialise system trusted keyring
[   14.875359] HugeTLB registered 2 MB page size, pre-allocated 0 pages
[   14.950656] zbud: loaded
[   14.976151] VFS: Disk quotas dquot_6.6.0
[   15.013002] VFS: Dquot-cache hash table entries: 512 (order 0, 4096 bytes)
[   15.065116] squashfs: version 4.0 (2009/01/31) Phillip Lougher
[   15.119106] fuse init (API version 7.23)
[   15.152969] Key type big_key registered
[   15.185838] Allocating IMA MOK and blacklist keyrings.
[   15.250577] Key type asymmetric registered
[   15.295654] Asymmetric key parser 'x509' registered
[   15.347871] Block layer SCSI generic (bsg) driver version 0.4 loaded (major 249)
[   15.431861] io scheduler noop registered
[   15.472721] io scheduler deadline registered (default)
[   15.517713] io scheduler cfq registered
[   15.551327] pci_hotplug: PCI Hot Plug PCI Core version: 0.5
[   15.592311] pciehp: PCI Express Hot Plug Controller Driver version: 0.4
[   15.653480] ACPI: AC Adapter [AC] (on-line)
[   15.698393] input: Power Button as /devices/LNXSYSTM:00/LNXPWRBN:00/input/input0
[   15.755125] ACPI: Power Button [PWRF]
[   15.792113] input: Sleep Button as /devices/LNXSYSTM:00/LNXSLPBN:00/input/input1
[   15.849601] ACPI: Sleep Button [SLPF]
[   15.883231] GHES: HEST is not enabled!
[   15.894523] ACPI: Battery Slot [BAT0] (battery present)
[   15.961582] Serial: 8250/16550 driver, 32 ports, IRQ sharing enabled
[   16.128786] 00:02: ttyS0 at I/O 0x3f8 (irq = 4, base_baud = 115200) is a 16550A
[   16.193403] Linux agpgart interface v0.103
[   16.247184] loop: module loaded
[   16.285415] scsi host0: ata_piix
[   16.317659] scsi host1: ata_piix
[   16.347255] ata1: PATA max UDMA/33 cmd 0x1f0 ctl 0x3f6 bmdma 0xd000 irq 14
[   16.396265] ata2: PATA max UDMA/33 cmd 0x170 ctl 0x376 bmdma 0xd008 irq 15
[   16.458044] libphy: Fixed MDIO Bus: probed
[   16.495370] tun: Universal TUN/TAP device driver, 1.6
[   16.540561] tun: (C) 1999-2004 Max Krasnyansky <maxk@qualcomm.com>
[   16.601133] PPP generic driver version 2.4.2
[   16.651547] ehci_hcd: USB 2.0 'Enhanced' Host Controller (EHCI) Driver
[   16.713420] ehci-pci: EHCI PCI platform driver
[   16.751309] ehci-platform: EHCI generic platform driver
[   16.793152] ohci_hcd: USB 1.1 'Open' Host Controller (OHCI) Driver
[   16.841628] ohci-pci: OHCI PCI platform driver
[   16.877962] ohci-platform: OHCI generic platform driver
[   16.916360] uhci_hcd: USB Universal Host Controller Interface driver
[   16.963833] i8042: PNP: PS/2 Controller [PNP0303:PS2K,PNP0f03:PS2M] at 0x60,0x64 irq 1,12
[   17.041463] serio: i8042 KBD port at 0x60,0x64 irq 1
[   17.078819] serio: i8042 AUX port at 0x60,0x64 irq 12
[   17.119732] mousedev: PS/2 mouse device common for all mice
[   17.175695] rtc_cmos rtc_cmos: rtc core: registered rtc_cmos as rtc0
[   17.228222] input: AT Translated Set 2 keyboard as /devices/platform/i8042/serio0/input/input2
[   17.310667] rtc_cmos rtc_cmos: alarms up to one day, 114 bytes nvram
[   17.385962] i2c /dev entries driver
[   17.420779] device-mapper: uevent: version 1.0.3
[   17.458019] device-mapper: ioctl: 4.34.0-ioctl (2015-10-28) initialised: dm-devel@redhat.com
[   17.519067] ledtrig-cpu: registered to indicate activity on CPUs
[   17.576559] NET: Registered protocol family 10
[   17.625530] NET: Registered protocol family 17
[   17.678324] Key type dns_resolver registered
[   17.724864] registered taskstats version 1
[   17.763468] Loading compiled-in X.509 certificates
[   17.818168] Loaded X.509 cert 'Build time autogenerated kernel key: b3e0fe4bcd6378c38a2c0a4648abbc1fa5043a22'
[   17.907640] zswap: loaded using pool lzo/zbud
[   17.951904] Key type trusted registered
[   18.004638] Key type encrypted registered
[   18.037903] AppArmor: AppArmor sha1 policy hashing enabled
[   18.078177] ima: No TPM chip found, activating TPM-bypass!
[   18.122457] ima: Allocated hash algorithm: sha1
[   18.159263] evm: HMAC attrs: 0x1
[   18.203763]   Magic number: 10:962:783
[   18.234072] rtc_cmos rtc_cmos: setting system clock to 2018-07-06 12:46:49 UTC (1530881209)
[   18.297287] BIOS EDD facility v0.16 2004-Jun-25, 0 devices found
[   18.339673] EDD information not available.
[   18.386990] Freeing unused kernel memory: 1516K
[   18.431509] Write protecting the kernel read-only data: 14336k
[   18.481350] Freeing unused kernel memory: 1680K
[   18.530991] Freeing unused kernel memory: 96K
Loading, please wait...
starting version 229
[   18.693457] random: systemd-udevd: uninitialized urandom read (16 bytes read, 5 bits of entropy available)
[   18.700437] random: udevadm: uninitialized urandom read (16 bytes read, 5 bits of entropy available)
[   18.700483] random: udevadm: uninitialized urandom read (16 bytes read, 5 bits of entropy available)
[   18.769175] random: udevadm: uninitialized urandom read (16 bytes read, 5 bits of entropy available)
[   18.769524] random: udevadm: uninitialized urandom read (16 bytes read, 5 bits of entropy available)
[   18.770528] random: udevadm: uninitialized urandom read (16 bytes read, 5 bits of entropy available)
[   18.770661] random: udevadm: uninitialized urandom read (16 bytes read, 5 bits of entropy available)
[   18.771011] random: udevadm: uninitialized urandom read (16 bytes read, 5 bits of entropy available)
[   18.771612] random: udevadm: uninitialized urandom read (16 bytes read, 5 bits of entropy available)
[   18.771747] random: udevadm: uninitialized urandom read (16 bytes read, 5 bits of entropy available)
[   19.760604] Fusion MPT base driver 3.04.20
[   19.803593] Copyright (c) 1999-2008 LSI Corporation
[   19.913355] e1000: Intel(R) PRO/1000 Network Driver - version 7.3.21-k8-NAPI
[   19.970041] e1000: Copyright (c) 1999-2006 Intel Corporation.
[   20.187174] Fusion MPT SPI Host driver 3.04.20
[   20.418311] input: ImExPS/2 Generic Explorer Mouse as /devices/platform/i8042/serio1/input/input4
[   23.806976] e1000 0000:00:03.0 eth0: (PCI:33MHz:32-bit) 02:b0:72:86:cc:22
[   23.862983] e1000 0000:00:03.0 eth0: Intel(R) PRO/1000 Network Connection
[   23.925239] e1000 0000:00:03.0 enp0s3: renamed from eth0
[   23.926366] mptbase: ioc0: Initiating bringup
[   24.059466] ioc0: LSI53C1030 A0: Capabilities={Initiator}
[   24.310735] scsi host2: ioc0: LSI53C1030 A0, FwRev=00000000h, Ports=1, MaxQ=256, IRQ=20
[   24.499010] scsi 2:0:0:0: Direct-Access     VBOX     HARDDISK         1.0  PQ: 0 ANSI: 5
[   24.563614] scsi target2:0:0: Beginning Domain Validation
[   24.633686] scsi target2:0:0: Domain Validation skipping write tests
[   24.684131] scsi target2:0:0: Ending Domain Validation
[   24.730726] scsi target2:0:0: asynchronous
[   24.770974] scsi 2:0:1:0: Direct-Access     VBOX     HARDDISK         1.0  PQ: 0 ANSI: 5
[   24.835037] scsi target2:0:1: Beginning Domain Validation
[   24.902045] scsi target2:0:1: Domain Validation skipping write tests
[   25.353437] scsi target2:0:1: Ending Domain Validation
[   25.436856] scsi target2:0:1: asynchronous
[   25.531690] sd 2:0:0:0: Attached scsi generic sg0 type 0
[   25.531937] sd 2:0:0:0: [sda] 20971520 512-byte logical blocks: (10.7 GB/10.0 GiB)
[   25.533622] sd 2:0:0:0: [sda] Write Protect is off
[   25.534578] sd 2:0:0:0: [sda] Incomplete mode parameter data
[   25.534580] sd 2:0:0:0: [sda] Assuming drive cache: write through
[   25.583962]  sda: sda1
[   25.588389] sd 2:0:0:0: [sda] Attached SCSI disk
[   25.866773] sd 2:0:1:0: [sdb] 20480 512-byte logical blocks: (10.5 MB/10.0 MiB)
[   25.928014] sd 2:0:1:0: Attached scsi generic sg1 type 0
[   25.930095] sd 2:0:1:0: [sdb] Write Protect is off
[   25.931363] sd 2:0:1:0: [sdb] Incomplete mode parameter data
[   25.931365] sd 2:0:1:0: [sdb] Assuming drive cache: write through
[   25.948918] sd 2:0:1:0: [sdb] Attached SCSI disk
Begin: Loading essential drivers ... [   38.182064] md: linear personality registered for level -1
[   38.250466] md: multipath personality registered for level -4
[   38.350365] md: raid0 personality registered for level 0
[   38.433202] md: raid1 personality registered for level 1
[   38.591708] raid6: sse2x1   gen()  1458 MB/s
[   38.698903] raid6: sse2x1   xor()  1436 MB/s
[   38.802983] raid6: sse2x2   gen()  2874 MB/s
[   38.907983] raid6: sse2x2   xor()  2431 MB/s
[   39.010985] raid6: sse2x4   gen()  4769 MB/s
[   39.107554] raid6: sse2x4   xor()  3297 MB/s
[   39.141652] raid6: using algorithm sse2x4 gen() 4769 MB/s
[   39.189206] raid6: .... xor() 3297 MB/s, rmw enabled
[   39.231182] raid6: using ssse3x2 recovery algorithm
[   39.281215] xor: automatically using best checksumming function:
[   39.383287]    avx       :  6757.000 MB/sec
[   39.425158] async_tx: api initialized (async)
[   39.533479] md: raid6 personality registered for level 6
[   39.596036] md: raid5 personality registered for level 5
[   39.654901] md: raid4 personality registered for level 4
[   39.734510] md: raid10 personality registered for level 10
done.
Begin: Running /scripts/init-premount ... done.
Begin: Mounting root file system ... Begin: Running /scripts/local-top ... done.
Begin: Running /scripts/local-premount ... [   40.059013] Btrfs loaded
Scanning for Btrfs filesystems
done.
Warning: fsck not present, so skipping root file system
[   40.295482] EXT4-fs (sda1): mounted filesystem with ordered data mode. Opts: (null)
done.
Begin: Running /scripts/local-bottom ... done.
Begin: Running /scripts/init-bottom ... done.
[   41.036500] systemd[1]: systemd 229 running in system mode. (+PAM +AUDIT +SELINUX +IMA +APPARMOR +SMACK +SYSVINIT +UTMP +LIBCRYPTSETUP +GCRYPT +GNUTLS +ACL +XZ -LZ4 +SECCOMP +BLKID +ELFUTILS +KMOD -IDN)
[   41.179536] systemd[1]: Detected virtualization oracle.
[   41.231371] systemd[1]: Detected architecture x86-64.

Welcome to [1mUbuntu 16.04.4 LTS[0m!

[   41.337024] systemd[1]: Set hostname to <ubuntu-xenial>.
[   41.671327] random: nonblocking pool is initialized
[   42.114114] systemd[1]: Reached target System Time Synchronized.
[[0;32m  OK  [0m] Reached target System Time Synchronized.
[   42.256292] systemd[1]: Set up automount Arbitrary Executable File Formats File System Automount Point.
[[0;32m  OK  [0m] Set up automount Arbitrary Executab...ats File System Automount Point.
[   42.401737] systemd[1]: Listening on Journal Socket.
[[0;32m  OK  [0m] Listening on Journal Socket.
[   42.496335] systemd[1]: Listening on LVM2 poll daemon socket.
[[0;32m  OK  [0m] Listening on LVM2 poll daemon socket.
[   42.594336] systemd[1]: Listening on udev Kernel Socket.
[[0;32m  OK  [0m] Listening on udev Kernel Socket.
[   42.710954] systemd[1]: Listening on Device-mapper event daemon FIFOs.
[[0;32m  OK  [0m] Listening on Device-mapper event daemon FIFOs.
[   42.820172] systemd[1]: Listening on udev Control Socket.
[[0;32m  OK  [0m] Listening on udev Control Socket.
[   42.921704] systemd[1]: Listening on Journal Audit Socket.
[[0;32m  OK  [0m] Listening on Journal Audit Socket.
[   43.020170] systemd[1]: Listening on LVM2 metadata daemon socket.
[[0;32m  OK  [0m] Listening on LVM2 metadata daemon socket.
[   43.143669] systemd[1]: Reached target User and Group Name Lookups.
[[0;32m  OK  [0m] Reached target User and Group Name Lookups.
[   43.268838] systemd[1]: Created slice User and Session Slice.
[[0;32m  OK  [0m] Created slice User and Session Slice.
[   43.413534] systemd[1]: Reached target Swap.
[[0;32m  OK  [0m] Reached target Swap.
[   43.522399] systemd[1]: Started Trigger resolvconf update for networkd DNS.
[[0;32m  OK  [0m] Started Trigger resolvconf update for networkd DNS.
[   43.642093] systemd[1]: Created slice System Slice.
[[0;32m  OK  [0m] Created slice System Slice.
[   43.815645] systemd[1]: Starting Uncomplicated firewall...
         Starting Uncomplicated firewall...
[   43.922023] systemd[1]: Mounting POSIX Message Queue File System...
         Mounting POSIX Message Queue File System...
[   44.047180] systemd[1]: Starting Load Kernel Modules...
         Starting Load Kernel Modules...
[   44.139338] Loading iSCSI transport class v2.0-870.
[   44.170929] systemd[1]: Starting Create list of required static device nodes for the current kernel...
         Starting Create list of required st... nodes for the current kernel...
[   44.347397] iscsi: registered transport (tcp)
[   44.396084] systemd[1]: Starting Nameserver information manager...
         Starting Nameserver information manager...
[   44.526048] systemd[1]: Starting Set console keymap...
         Starting Set console keymap...
[   44.707138] systemd[1]: Mounting Huge Pages File System...
         Mounting Huge Pages File System...
[   44.852703] iscsi: registered transport (iser)
[   44.907696] systemd[1]: Starting Monitoring of LVM2 mirrors, snapshots etc. using dmeventd or progress polling...
         Starting Monitoring of LVM2 mirrors... dmeventd or progress polling...
[   45.054053] systemd[1]: Mounting Debug File System...
         Mounting Debug File System...
[   45.134198] systemd[1]: Reached target Slices.
[[0;32m  OK  [0m] Reached target Slices.
[   45.219089] systemd[1]: Reached target Encrypted Volumes.
[[0;32m  OK  [0m] Reached target Encrypted Volumes.
[   45.305195] systemd[1]: Started Forward Password Requests to Wall Directory Watch.
[[0;32m  OK  [0m] Started Forward Password Requests to Wall Directory Watch.
[   45.441802] systemd[1]: Listening on Journal Socket (/dev/log).
[[0;32m  OK  [0m] Listening on Journal Socket (/dev/log).
[   45.545966] systemd[1]: Listening on /dev/initctl Compatibility Named Pipe.
[[0;32m  OK  [0m] Listening on /dev/initctl Compatibility Named Pipe.
[   45.639574] systemd[1]: Listening on Syslog Socket.
[[0;32m  OK  [0m] Listening on Syslog Socket.
[   45.787665] systemd[1]: Starting Remount Root and Kernel File Systems...
[   45.802577] EXT4-fs (sda1): re-mounted. Opts: (null)
         Starting Remount Root and Kernel File Systems...
[   45.959594] systemd[1]: Starting Journal Service...
         Starting Journal Service...
[   46.078817] systemd[1]: Created slice system-serial\x2dgetty.slice.
[[0;32m  OK  [0m] Created slice system-serial\x2dgetty.slice.
[   46.229809] systemd[1]: Mounted Debug File System.
[[0;32m  OK  [0m] Mounted Debug File System.
[   46.320759] systemd[1]: Mounted POSIX Message Queue File System.
[[0;32m  OK  [0m] Mounted POSIX Message Queue File System.
[   46.439835] systemd[1]: Mounted Huge Pages File System.
[[0;32m  OK  [0m] Mounted Huge Pages File System.
[   46.538486] systemd[1]: Started Journal Service.
[[0;32m  OK  [0m] Started Journal Service.
[[0;32m  OK  [0m] Started Uncomplicated firewall.
[[0;32m  OK  [0m] Started Load Kernel Modules.
[[0;32m  OK  [0m] Started Create list of required sta...ce nodes for the current kernel.
[[0;32m  OK  [0m] Started Set console keymap.
[[0;32m  OK  [0m] Started Remount Root and Kernel File Systems.
[[0;32m  OK  [0m] Started Nameserver information manager.
[[0;32m  OK  [0m] Started LVM2 metadata daemon.
         Starting Load/Save Random Seed...
         Starting udev Coldplug all Devices...
         Starting Create Static Device Nodes in /dev...
         Starting Apply Kernel Variables...
         Mounting FUSE Control File System...
         Starting Flush Journal to Persistent Storage...
[[0;32m  OK  [0m] Mounted FUSE Control File System.
[[0;32m  OK  [0m] Started Monitoring of LVM2 mirrors,...ng dmeventd or progress polling.
[[0;32m  OK  [0m] Started Load/Save Random Seed.
[[0;32m  OK  [0m] Started Create Static Device Nodes in /dev.
[[0;32m  OK  [0m] Started Apply Kernel Variables.
[[0;32m  OK  [0m] Started udev Coldplug all Devices.
[[0;32m  OK  [0m] Started Flush Journal to Persistent Storage.
         Starting udev Kernel Device Manager...
[[0;32m  OK  [0m] Started udev Kernel Device Manager.
[[0;32m  OK  [0m] Reached target Local File Systems (Pre).
[[0;32m  OK  [0m] Reached target Local File Systems.
         Starting Tell Plymouth To Write Out Runtime Data...
         Starting Set console font and keymap...
         Starting LSB: AppArmor initialization...
         Starting Create Volatile Files and Directories...
         Starting Initial cloud-init job (pre-networking)...
[[0;32m  OK  [0m] Started Dispatch Password Requests to Console Directory Watch.
[[0;32m  OK  [0m] Started Tell Plymouth To Write Out Runtime Data.
[[0;32m  OK  [0m] Started Create Volatile Files and Directories.
         Starting Update UTMP about System Boot/Shutdown...
[[0;32m  OK  [0m] Started Update UTMP about System Boot/Shutdown.
[[0;32m  OK  [0m] Started LSB: AppArmor initialization.
[[0;32m  OK  [0m] Found device /dev/ttyS0.
[[   44.679736] [0;32m  OK  [0m] Found device 82540EM Gigabit Ethern...r (PRO/1000 MT Desktop Adapter).cloud-init
[494]: Cloud-init v. 18.2 running 'init-local' at Fri, 06 Jul 2018 12:47:25 +0000. Up 43.20 seconds.
[[0;32m  OK  [0m] Started Initial cloud-init job (pre-networking).
[[0;32m  OK  [0m] Listening on Load/Save RF Kill Switch Status /dev/rfkill Watch.
[[0;32m  OK  [0m] Reached target Network (Pre).
         Starting Raise network interfaces...
[[0;32m  OK  [0m] Started ifup for enp0s3.
[[0;32m  OK  [0m] Started Set console font and keymap.
[[0;32m  OK  [0m] Created slice system-getty.slice.
[[0;32m  OK  [0m] Started Raise network interfaces.
[[0;32m  OK  [0m] Reached target Network.
         Starting Initial cloud-init job (metadata service crawler)...
[   74.207112] cloud-init[990]: Cloud-init v. 18.2 running 'init' at Fri, 06 Jul 2018 12:47:55 +0000. Up 72.91 seconds.
[   74.320760] cloud-init[990]: ci-info: +++++++++++++++++++++++++++++++++++++Net device info++++++++++++++++++++++++++++++++++++++
[   74.425843] cloud-init[[0;32m  OK  [0m] Started Initial cloud-init job (metadata service crawler).
[[0;32m  OK  [0m] Reached target Network is Online.
[990]: ci-info: +--------+------+----------------------------+---------------+-------+-------------------+
         Starting iSCSI initiator daemon (iscsid)...[   74.582285] 
[[0;32m  OK  [0mcloud-init[990]: ] Reached target Cloud-config availability.ci-info: | Device |  Up  |          Address           |      Mask     | Scope |     Hw-Address    |

[   74.707294] [[0;32m  OK  [0mcloud-init[990]: ci-info: +--------+------+----------------------------+---------------+-------+-------------------+] 
[   74.773457] cloud-init[990]: Reached target System Initialization.ci-info: | enp0s3 | True |         10.0.2.15          | 255.255.255.0 |   .   | 02:b0:72:86:cc:22 |

[[   74.815055] cloud-init[990]: ci-info: | enp0s3 | True | fe80::b0:72ff:fe86:cc22/64 |       .       |  link | 02:b0:72:86:cc:22 |
[0;32m  OK  [0m[   74.833524] cloud-init[990]: ci-info: |   lo   | True |         127.0.0.1          |   255.0.0.0   |   .   |         .         |
[   74.850557] ] Listening on UUID daemon activation socket.
         cloud-init[990]: ci-info: |   lo   | True |          ::1/128           |       .       |  host |         .         |
Starting Socket activation for snappy daemon.[   74.892957] 
cloud-init[[990]: ci-info: +--------+------+----------------------------+---------------+-------+-------------------+
[0;32m  OK  [0m[   75.045634] cloud-init[990]: ci-info: +++++++++++++++++++++++++++Route IPv4 info++++++++++++++++++++++++++++
[   75.062288] ] Listening on ACPID Listen Socket.
cloud-init[990]: ci-info: +-------+-------------+----------+---------------+-----------+-------+
         Starting LXD - unix socket.
[   75.238165] cloud-init[990]: [[0;32m  OK  [0mci-info: | Route | Destination | Gateway  |    Genmask    | Interface | Flags |
[   75.351343] cloud-init[990]: ci-info: +-------+-------------+----------+---------------+-----------+-------+
[   75.357398] cloud-init[990]: ci-info: |   0   |   0.0.0.0   | 10.0.2.2 |    0.0.0.0    |   enp0s3  |   UG  |
[   75.365381] cloud-init[990]: ci-info: |   1   |   10.0.2.0  | 0.0.0.0  | 255.255.255.0 |   enp0s3  |   U   |
[   75.457393] cloud-init[990]: ci-info: +-------+-------------+----------+---------------+-----------+-------+
] Started ACPI Events Check.
[[0;32m  OK  [0m] Reached target Paths.
[[0;32m  OK  [0m] Started Daily apt download activities.
[[0;32m  OK  [0m] Started Daily apt upgrade and clean activities.
[[0;32m  OK  [0m] Started Daily Cleanup of Temporary Directories.
[[0;32m  OK  [0m] Reached target Timers.
[[0;32m  OK  [0m] Listening on D-Bus System Message Bus Socket.
[[0;32m  OK  [0m] Listening on Socket activation for snappy daemon.
[[0;32m  OK  [0m] Listening on LXD - unix socket.
[[0;32m  OK  [0m] Started iSCSI initiator daemon (iscsid).
         Starting Login to default iSCSI targets...
[[0;32m  OK  [0m] Reached target Sockets.
[[0;32m  OK  [0m] Reached target Basic System.
         Starting Virtualbox guest utils...
         Starting LSB: Record successful boot for GRUB...
         Starting Apply the settings specified in cloud-config...
         Starting OpenBSD Secure Shell server...
[[0;32m  OK  [0m] Started ACPI event daemon.
[[0;32m  OK  [0m] Started D-Bus System Message Bus.
[[0;32m  OK  [0m] Started Regular background program processing daemon.
[[0;32m  OK  [0m] Started Deferred execution scheduler.
         Starting LXD - container startup/shutdown...
[[0;32m  OK  [0m] Started FUSE filesystem for LXC.
         Starting LSB: MD monitoring daemon...
         Starting Login Service...
         Starting Accounts Service...
         Starting MySQL Community Server...
         Starting Snappy daemon...
[[0;32m  OK  [0m] Started Unattended Upgrades Shutdown.
         Starting /etc/rc.local Compatibility...
         Starting System Logging Service...
[[0;32m  OK  [0m] Started OpenBSD Secure Shell server.
[[0;32m  OK  [0m] Started /etc/rc.local Compatibility.
[[0;32m  OK  [0m] Started LXD - container startup/shutdown.
[[0;32m  OK  [0m] Started System Logging Service.
[[0;32m  OK  [0m] Started Login to default iSCSI targets.
[[0;32m  OK  [0m] Started Snappy daemon.
[[0;32m  OK  [0m] Started LSB: Record successful boot for GRUB.
[[0;32m  OK  [0m] Started LSB: MD monitoring daemon.
[[0;32m  OK  [0m] Started Login Service.
         Starting Authenticate and Authorize Users to Run Privileged Tasks...
         Starting Wait until snapd is fully seeded...
[[0;32m  OK  [0m] Reached target Remote File Systems (Pre).
[[0;32m  OK  [0m] Reached target Remote File Systems.
         Starting LSB: daemon to balance interrupts for SMP systems...
         Starting LSB: Set the CPU Frequency Scaling governor to "ondemand"...
         Starting LSB: automatic crash report generation...
         Starting Permit User Sessions...
[[0;32m  OK  [0m] Started Virtualbox guest utils.
[[0;32m  OK  [0m] Started Authenticate and Authorize Users to Run Privileged Tasks.
[[0;32m  OK  [0m] Started Accounts Service.
[[0;32m  OK  [0m] Started Permit User Sessions.
[[0;32m  OK  [0m] Started Wait until snapd is fully seeded.
         Starting Terminate Plymouth Boot Screen...
         Starting Hold until boot process finishes up...
[[0;32m  OK  [0m] Started LSB: daemon to balance interrupts for SMP systems.
[[0;32m  OK  [0m] Started LSB: Set the CPU Frequency Scaling governor to "ondemand".
[[0;32m  OK  [0m] Started LSB: automatic crash report generation.
[[0;32m  OK  [0m] Started Terminate Plymouth Boot Screen.
[[0;32m  OK  [0m] Started Hold until boot process finishes up.
[[0;32m  OK  [0m] Started Serial Getty on ttyS0.
         Starting Set console scheme...
[[0;32m  OK  [0m] Started Getty on tty1.
[[0;32m  OK  [0m] Reached target Login Prompts.
[[0;32m  OK  [0m] Started Set console scheme.
[   85.888554] cloud-init[1059]: Cloud-init v. 18.2 running 'modules:config' at Fri, 06 Jul 2018 12:48:06 +0000. Up 83.55 seconds.
[[0;32m  OK  [0m] Started MySQL Community Server.
[[0;32m  OK  [0m] Reached target Multi-User System.
[[0;32m  OK  [0m] Reached target Graphical Interface.
         Starting Update UTMP about System Runlevel Changes...
[[0;32m  OK  [0m] Started Apply the settings specified in cloud-config.
[[0;32m  OK  [0m] Started Update UTMP about System Runlevel Changes.
         Starting Execute cloud user/final scripts...
[   89.248919] cloud-init[1298]: Cloud-init v. 18.2 running 'modules:final' at Fri, 06 Jul 2018 12:48:10 +0000. Up 88.49 seconds.
[   89.250178] cloud-init[1298]: Cloud-init v. 18.2 finished at Fri, 06 Jul 2018 12:48:11 +0000. Datasource DataSourceNoCloud [seed=/dev/sdb][dsmode=net].  Up 89.20 seconds

Ubuntu 16.04.4 LTS ubuntu-xenial ttyS0

ubuntu-xenial login: 